<?xml version="1.0" encoding="UTF-8"?>
<!-- Generated by org.testng.reporters.JUnitReportReporter -->
<testsuite hostname="LENOVO-PC" failures="0" tests="1" name="KiteTest.Test_class" time="10.288" errors="0" timestamp="2022-08-26T22:55:08 IST" skipped="0">
  <testcase classname="KiteTest.Test_class" name="verifyuserID" time="10.288"/>
  <system-out>
    <![CDATA[running verify user id]]>
  </system-out>
</testsuite> <!-- KiteTest.Test_class -->
